android/app/build/intermediates/manifest_merge_blame_file/debug/manifest-merger-blame-debug-report.txt
1<?xml version="1.0" encoding="utf-8"?>
2<manifest xmlns:android="http://schemas.android.com/apk/res/android"
3    package="com.carpool"
4    android:versionCode="1"
5    android:versionName="1.0" >
6
7    <uses-sdk
8        android:minSdkVersion="18"
9        android:targetSdkVersion="28" />
10
11    <uses-permission android:name="android.permission.SYSTEM_ALERT_WINDOW" />
11-->src\debug\AndroidManifest.xml:5:5-77
11-->src\debug\AndroidManifest.xml:5:22-75
12    <uses-permission android:name="android.permission.INTERNET" />
12-->src\main\AndroidManifest.xml:4:5-67
12-->src\main\AndroidManifest.xml:4:22-64
13    <uses-permission android:name="android.permission.VIBRATE" />
13-->src\main\AndroidManifest.xml:5:6-66
13-->src\main\AndroidManifest.xml:5:23-64
14    <uses-permission android:name="android.permission.CAMERA" />
14-->src\main\AndroidManifest.xml:6:6-66
14-->src\main\AndroidManifest.xml:6:23-63
15    <uses-permission android:name="android.permission.WRITE_EXTERNAL_STORAGE" />
15-->src\main\AndroidManifest.xml:7:1-77
15-->src\main\AndroidManifest.xml:7:18-74
16    <uses-permission android:name="android.permission.BLUETOOTH" />
16-->src\main\AndroidManifest.xml:8:7-69
16-->src\main\AndroidManifest.xml:8:24-67
17    <uses-permission android:name="android.permission.BLUETOOTH_ADMIN" />
17-->src\main\AndroidManifest.xml:9:5-73
17-->src\main\AndroidManifest.xml:9:22-71
18    <uses-permission android:name="android.permission.ACCESS_COARSE_LOCATION" />
18-->src\main\AndroidManifest.xml:10:5-81
18-->src\main\AndroidManifest.xml:10:22-78
19    <uses-permission android:name="android.permission.ACCESS_FINE_LOCATION" />
19-->src\main\AndroidManifest.xml:11:6-80
19-->src\main\AndroidManifest.xml:11:23-77
20    <uses-permission android:name="android.permission.ACCESS_WIFI_STATE" />
20-->[com.facebook.flipper:flipper:0.33.1] AndroidManifest.xml:16:5-76
20-->[com.facebook.flipper:flipper:0.33.1] AndroidManifest.xml:16:22-73
21
22    <uses-feature
22-->[:react-native-ble-manager] AndroidManifest.xml:11:5-13:36
23        android:name="android.hardware.bluetooth_le"
23-->[:react-native-ble-manager] AndroidManifest.xml:12:9-53
24        android:required="false" />
24-->[:react-native-ble-manager] AndroidManifest.xml:13:9-33
25    <uses-feature
25-->[:react-native-bluetooth-state-manager] AndroidManifest.xml:13:5-15:36
26        android:name="android.hardware.bluetooth"
26-->[:react-native-bluetooth-state-manager] AndroidManifest.xml:14:9-50
27        android:required="false" />
27-->[:react-native-bluetooth-state-manager] AndroidManifest.xml:15:9-33
28    <uses-feature
28-->[:react-native-camera] AndroidManifest.xml:11:5-13:36
29        android:name="android.hardware.camera"
29-->[:react-native-camera] AndroidManifest.xml:12:9-47
30        android:required="false" />
30-->[:react-native-camera] AndroidManifest.xml:13:9-33
31    <uses-feature
31-->[:react-native-camera] AndroidManifest.xml:14:5-16:36
32        android:name="android.hardware.camera.autofocus"
32-->[:react-native-camera] AndroidManifest.xml:15:9-57
33        android:required="false" /> <!-- Include required permissions for Google Maps API to run. -->
33-->[:react-native-camera] AndroidManifest.xml:16:9-33
34    <uses-permission android:name="android.permission.ACCESS_NETWORK_STATE" />
34-->[com.google.android.gms:play-services-maps:17.0.0] AndroidManifest.xml:23:5-79
34-->[com.google.android.gms:play-services-maps:17.0.0] AndroidManifest.xml:23:22-76
35
36    <uses-feature
36-->[com.google.android.gms:play-services-maps:17.0.0] AndroidManifest.xml:26:5-28:35
37        android:glEsVersion="0x00020000"
37-->[com.google.android.gms:play-services-maps:17.0.0] AndroidManifest.xml:27:9-41
38        android:required="true" />
38-->[com.google.android.gms:play-services-maps:17.0.0] AndroidManifest.xml:28:9-32
39
40    <uses-permission-sdk-23 android:name="android.permission.ACCESS_COARSE_LOCATION" />
40-->[com.github.Polidea:MultiPlatformBleAdapter:58c87b49f12f4a5ab6f7af31f8085249e206400a] AndroidManifest.xml:14:5-88
40-->[com.github.Polidea:MultiPlatformBleAdapter:58c87b49f12f4a5ab6f7af31f8085249e206400a] AndroidManifest.xml:14:29-85
41
42    <application
42-->src\main\AndroidManifest.xml:12:5-42:19
43        android:name="com.carpool.MainApplication"
43-->src\main\AndroidManifest.xml:13:7-38
44        android:allowBackup="false"
44-->src\main\AndroidManifest.xml:17:7-34
45        android:appComponentFactory="androidx.core.app.CoreComponentFactory"
45-->[androidx.core:core:1.1.0] AndroidManifest.xml:24:18-86
46        android:debuggable="true"
47        android:icon="@mipmap/ic_launcher"
47-->src\main\AndroidManifest.xml:15:7-41
48        android:label="@string/app_name"
48-->src\main\AndroidManifest.xml:14:7-39
49        android:roundIcon="@mipmap/ic_launcher_round"
49-->src\main\AndroidManifest.xml:16:7-52
50        android:theme="@style/AppTheme"
50-->src\main\AndroidManifest.xml:18:7-38
51        android:usesCleartextTraffic="true" >
51-->src\debug\AndroidManifest.xml:7:18-53
52        <activity
52-->src\main\AndroidManifest.xml:19:7-29:18
53            android:name="com.carpool.MainActivity"
53-->src\main\AndroidManifest.xml:20:9-37
54            android:configChanges="keyboard|keyboardHidden|orientation|screenSize|uiMode"
54-->src\main\AndroidManifest.xml:22:9-86
55            android:label="@string/app_name"
55-->src\main\AndroidManifest.xml:21:9-41
56            android:launchMode="singleTask"
56-->src\main\AndroidManifest.xml:23:9-40
57            android:windowSoftInputMode="adjustResize" >
57-->src\main\AndroidManifest.xml:24:9-51
58            <intent-filter>
58-->src\main\AndroidManifest.xml:25:9-28:25
59                <action android:name="android.intent.action.MAIN" />
59-->src\main\AndroidManifest.xml:26:13-65
59-->src\main\AndroidManifest.xml:26:21-62
60
61                <category android:name="android.intent.category.LAUNCHER" />
61-->src\main\AndroidManifest.xml:27:13-73
61-->src\main\AndroidManifest.xml:27:23-70
62            </intent-filter>
63        </activity>
64        <activity android:name="com.facebook.react.devsupport.DevSettingsActivity" />
64-->src\main\AndroidManifest.xml:30:7-84
64-->src\main\AndroidManifest.xml:30:17-81
65
66        <meta-data
66-->src\main\AndroidManifest.xml:33:2-35:69
67            android:name="com.google.android.gms.version"
67-->src\main\AndroidManifest.xml:34:13-58
68            android:value="@integer/google_play_services_version" />
68-->src\main\AndroidManifest.xml:35:13-66
69        <meta-data
69-->src\main\AndroidManifest.xml:36:3-38:24
70            android:name="com.google.android.geo.API_KEY"
70-->src\main\AndroidManifest.xml:37:6-51
71            android:value="" />
71-->src\main\AndroidManifest.xml:38:6-22
72
73        <uses-library
73-->src\main\AndroidManifest.xml:40:9-87
74            android:name="org.apache.http.legacy"
74-->src\main\AndroidManifest.xml:40:23-60
75            android:required="false" />
75-->src\main\AndroidManifest.xml:40:61-85
76
77        <provider
77-->[:react-native-image-picker] AndroidManifest.xml:10:9-18:20
78            android:name="com.imagepicker.FileProvider"
78-->[:react-native-image-picker] AndroidManifest.xml:11:13-56
79            android:authorities="com.carpool.provider"
79-->[:react-native-image-picker] AndroidManifest.xml:12:13-60
80            android:exported="false"
80-->[:react-native-image-picker] AndroidManifest.xml:13:13-37
81            android:grantUriPermissions="true" >
81-->[:react-native-image-picker] AndroidManifest.xml:14:13-47
82            <meta-data
82-->[:react-native-image-picker] AndroidManifest.xml:15:13-17:58
83                android:name="android.support.FILE_PROVIDER_PATHS"
83-->[:react-native-image-picker] AndroidManifest.xml:16:17-67
84                android:resource="@xml/provider_paths" />
84-->[:react-native-image-picker] AndroidManifest.xml:17:17-55
85        </provider>
86        <provider
86-->[:react-native-webview] AndroidManifest.xml:12:9-20:20
87            android:name="com.reactnativecommunity.webview.RNCWebViewFileProvider"
87-->[:react-native-webview] AndroidManifest.xml:13:13-83
88            android:authorities="com.carpool.fileprovider"
88-->[:react-native-webview] AndroidManifest.xml:14:13-64
89            android:exported="false"
89-->[:react-native-webview] AndroidManifest.xml:15:13-37
90            android:grantUriPermissions="true" >
90-->[:react-native-webview] AndroidManifest.xml:16:13-47
91            <meta-data
91-->[:react-native-image-picker] AndroidManifest.xml:15:13-17:58
92                android:name="android.support.FILE_PROVIDER_PATHS"
92-->[:react-native-image-picker] AndroidManifest.xml:16:17-67
93                android:resource="@xml/file_provider_paths" />
93-->[:react-native-image-picker] AndroidManifest.xml:17:17-55
94        </provider>
95
96        <activity
96-->[com.google.android.gms:play-services-base:17.0.0] AndroidManifest.xml:23:9-26:75
97            android:name="com.google.android.gms.common.api.GoogleApiActivity"
97-->[com.google.android.gms:play-services-base:17.0.0] AndroidManifest.xml:24:13-79
98            android:exported="false"
98-->[com.google.android.gms:play-services-base:17.0.0] AndroidManifest.xml:25:13-37
99            android:theme="@android:style/Theme.Translucent.NoTitleBar" />
99-->[com.google.android.gms:play-services-base:17.0.0] AndroidManifest.xml:26:13-72
100    </application>
101
102</manifest>